<?xml version="1.0" encoding="UTF-8"?>
<testsuite xmlns:xsi="http://www.w3.org/2001/XMLSchema-instance" xsi:noNamespaceSchemaLocation="https://maven.apache.org/surefire/maven-surefire-plugin/xsd/surefire-test-report-3.0.xsd" version="3.0" name="ca.sfu.cmpt745.ex06.checker.KittenCheckerTests" time="32.193" tests="12" errors="0" skipped="0" failures="0">
  <properties>
    <property name="java.specification.version" value="21"/>
    <property name="sun.jnu.encoding" value="UTF-8"/>
    <property name="java.class.path" value="/home/bsg13/cmpt479/exercise6/se-dataflow-analysis-template/target/test-classes:/home/bsg13/cmpt479/exercise6/se-dataflow-analysis-template/target/classes:/home/bsg13/.m2/repository/org/junit/jupiter/junit-jupiter/5.8.2/junit-jupiter-5.8.2.jar:/home/bsg13/.m2/repository/org/junit/jupiter/junit-jupiter-api/5.8.2/junit-jupiter-api-5.8.2.jar:/home/bsg13/.m2/repository/org/opentest4j/opentest4j/1.2.0/opentest4j-1.2.0.jar:/home/bsg13/.m2/repository/org/junit/platform/junit-platform-commons/1.8.2/junit-platform-commons-1.8.2.jar:/home/bsg13/.m2/repository/org/apiguardian/apiguardian-api/1.1.2/apiguardian-api-1.1.2.jar:/home/bsg13/.m2/repository/org/junit/jupiter/junit-jupiter-params/5.8.2/junit-jupiter-params-5.8.2.jar:/home/bsg13/.m2/repository/org/junit/jupiter/junit-jupiter-engine/5.8.2/junit-jupiter-engine-5.8.2.jar:/home/bsg13/.m2/repository/org/junit/platform/junit-platform-engine/1.8.2/junit-platform-engine-1.8.2.jar:/home/bsg13/.m2/repository/org/soot-oss/soot/4.6.0/soot-4.6.0.jar:/home/bsg13/.m2/repository/commons-io/commons-io/2.17.0/commons-io-2.17.0.jar:/home/bsg13/.m2/repository/org/smali/dexlib2/2.5.2/dexlib2-2.5.2.jar:/home/bsg13/.m2/repository/com/google/code/findbugs/jsr305/3.0.2/jsr305-3.0.2.jar:/home/bsg13/.m2/repository/com/google/guava/guava/27.1-android/guava-27.1-android.jar:/home/bsg13/.m2/repository/com/google/guava/failureaccess/1.0.1/failureaccess-1.0.1.jar:/home/bsg13/.m2/repository/com/google/guava/listenablefuture/9999.0-empty-to-avoid-conflict-with-guava/listenablefuture-9999.0-empty-to-avoid-conflict-with-guava.jar:/home/bsg13/.m2/repository/org/checkerframework/checker-compat-qual/2.5.2/checker-compat-qual-2.5.2.jar:/home/bsg13/.m2/repository/org/codehaus/mojo/animal-sniffer-annotations/1.17/animal-sniffer-annotations-1.17.jar:/home/bsg13/.m2/repository/org/ow2/asm/asm/9.7/asm-9.7.jar:/home/bsg13/.m2/repository/org/ow2/asm/asm-tree/9.7/asm-tree-9.7.jar:/home/bsg13/.m2/repository/org/ow2/asm/asm-util/9.7/asm-util-9.7.jar:/home/bsg13/.m2/repository/org/ow2/asm/asm-analysis/9.7/asm-analysis-9.7.jar:/home/bsg13/.m2/repository/org/ow2/asm/asm-commons/9.7/asm-commons-9.7.jar:/home/bsg13/.m2/repository/xmlpull/xmlpull/1.1.3.4d_b4_min/xmlpull-1.1.3.4d_b4_min.jar:/home/bsg13/.m2/repository/de/upb/cs/swt/axml/2.1.3/axml-2.1.3.jar:/home/bsg13/.m2/repository/ca/mcgill/sable/polyglot/2006/polyglot-2006.jar:/home/bsg13/.m2/repository/de/upb/cs/swt/heros/1.2.3/heros-1.2.3.jar:/home/bsg13/.m2/repository/org/functionaljava/functionaljava/4.2/functionaljava-4.2.jar:/home/bsg13/.m2/repository/ca/mcgill/sable/jasmin/3.0.3/jasmin-3.0.3.jar:/home/bsg13/.m2/repository/ca/mcgill/sable/java_cup/0.9.2/java_cup-0.9.2.jar:/home/bsg13/.m2/repository/org/slf4j/slf4j-api/2.0.16/slf4j-api-2.0.16.jar:/home/bsg13/.m2/repository/jakarta/annotation/jakarta.annotation-api/3.0.0/jakarta.annotation-api-3.0.0.jar:/home/bsg13/.m2/repository/jakarta/xml/bind/jakarta.xml.bind-api/4.0.2/jakarta.xml.bind-api-4.0.2.jar:/home/bsg13/.m2/repository/jakarta/activation/jakarta.activation-api/2.1.3/jakarta.activation-api-2.1.3.jar:/home/bsg13/.m2/repository/org/glassfish/jaxb/jaxb-runtime/4.0.5/jaxb-runtime-4.0.5.jar:/home/bsg13/.m2/repository/org/glassfish/jaxb/jaxb-core/4.0.5/jaxb-core-4.0.5.jar:/home/bsg13/.m2/repository/org/eclipse/angus/angus-activation/2.0.2/angus-activation-2.0.2.jar:/home/bsg13/.m2/repository/org/glassfish/jaxb/txw2/4.0.5/txw2-4.0.5.jar:/home/bsg13/.m2/repository/com/sun/istack/istack-commons-runtime/4.1.2/istack-commons-runtime-4.1.2.jar:/home/bsg13/.m2/repository/com/google/protobuf/protobuf-java/3.25.5/protobuf-java-3.25.5.jar:/home/bsg13/.m2/repository/com/google/protobuf/protobuf-java-util/3.25.5/protobuf-java-util-3.25.5.jar:/home/bsg13/.m2/repository/com/google/code/gson/gson/2.8.9/gson-2.8.9.jar:/home/bsg13/.m2/repository/com/google/errorprone/error_prone_annotations/2.18.0/error_prone_annotations-2.18.0.jar:/home/bsg13/.m2/repository/com/google/j2objc/j2objc-annotations/2.8/j2objc-annotations-2.8.jar:"/>
    <property name="java.vm.vendor" value="Oracle Corporation"/>
    <property name="sun.arch.data.model" value="64"/>
    <property name="java.vendor.url" value="https://java.oracle.com/"/>
    <property name="user.timezone" value="America/Vancouver"/>
    <property name="os.name" value="Linux"/>
    <property name="java.vm.specification.version" value="21"/>
    <property name="sun.java.launcher" value="SUN_STANDARD"/>
    <property name="user.country" value="US"/>
    <property name="sun.boot.library.path" value="/usr/shared/CMPT/faculty/wsumner/installed/jdk-21.0.2/lib"/>
    <property name="sun.java.command" value="/home/bsg13/cmpt479/exercise6/se-dataflow-analysis-template/target/surefire/surefirebooter-20250807160827161_3.jar /home/bsg13/cmpt479/exercise6/se-dataflow-analysis-template/target/surefire 2025-08-07T16-08-23_557-jvmRun1 surefire-20250807160827161_1tmp surefire_0-20250807160827161_2tmp"/>
    <property name="jdk.debug" value="release"/>
    <property name="surefire.test.class.path" value="/home/bsg13/cmpt479/exercise6/se-dataflow-analysis-template/target/test-classes:/home/bsg13/cmpt479/exercise6/se-dataflow-analysis-template/target/classes:/home/bsg13/.m2/repository/org/junit/jupiter/junit-jupiter/5.8.2/junit-jupiter-5.8.2.jar:/home/bsg13/.m2/repository/org/junit/jupiter/junit-jupiter-api/5.8.2/junit-jupiter-api-5.8.2.jar:/home/bsg13/.m2/repository/org/opentest4j/opentest4j/1.2.0/opentest4j-1.2.0.jar:/home/bsg13/.m2/repository/org/junit/platform/junit-platform-commons/1.8.2/junit-platform-commons-1.8.2.jar:/home/bsg13/.m2/repository/org/apiguardian/apiguardian-api/1.1.2/apiguardian-api-1.1.2.jar:/home/bsg13/.m2/repository/org/junit/jupiter/junit-jupiter-params/5.8.2/junit-jupiter-params-5.8.2.jar:/home/bsg13/.m2/repository/org/junit/jupiter/junit-jupiter-engine/5.8.2/junit-jupiter-engine-5.8.2.jar:/home/bsg13/.m2/repository/org/junit/platform/junit-platform-engine/1.8.2/junit-platform-engine-1.8.2.jar:/home/bsg13/.m2/repository/org/soot-oss/soot/4.6.0/soot-4.6.0.jar:/home/bsg13/.m2/repository/commons-io/commons-io/2.17.0/commons-io-2.17.0.jar:/home/bsg13/.m2/repository/org/smali/dexlib2/2.5.2/dexlib2-2.5.2.jar:/home/bsg13/.m2/repository/com/google/code/findbugs/jsr305/3.0.2/jsr305-3.0.2.jar:/home/bsg13/.m2/repository/com/google/guava/guava/27.1-android/guava-27.1-android.jar:/home/bsg13/.m2/repository/com/google/guava/failureaccess/1.0.1/failureaccess-1.0.1.jar:/home/bsg13/.m2/repository/com/google/guava/listenablefuture/9999.0-empty-to-avoid-conflict-with-guava/listenablefuture-9999.0-empty-to-avoid-conflict-with-guava.jar:/home/bsg13/.m2/repository/org/checkerframework/checker-compat-qual/2.5.2/checker-compat-qual-2.5.2.jar:/home/bsg13/.m2/repository/org/codehaus/mojo/animal-sniffer-annotations/1.17/animal-sniffer-annotations-1.17.jar:/home/bsg13/.m2/repository/org/ow2/asm/asm/9.7/asm-9.7.jar:/home/bsg13/.m2/repository/org/ow2/asm/asm-tree/9.7/asm-tree-9.7.jar:/home/bsg13/.m2/repository/org/ow2/asm/asm-util/9.7/asm-util-9.7.jar:/home/bsg13/.m2/repository/org/ow2/asm/asm-analysis/9.7/asm-analysis-9.7.jar:/home/bsg13/.m2/repository/org/ow2/asm/asm-commons/9.7/asm-commons-9.7.jar:/home/bsg13/.m2/repository/xmlpull/xmlpull/1.1.3.4d_b4_min/xmlpull-1.1.3.4d_b4_min.jar:/home/bsg13/.m2/repository/de/upb/cs/swt/axml/2.1.3/axml-2.1.3.jar:/home/bsg13/.m2/repository/ca/mcgill/sable/polyglot/2006/polyglot-2006.jar:/home/bsg13/.m2/repository/de/upb/cs/swt/heros/1.2.3/heros-1.2.3.jar:/home/bsg13/.m2/repository/org/functionaljava/functionaljava/4.2/functionaljava-4.2.jar:/home/bsg13/.m2/repository/ca/mcgill/sable/jasmin/3.0.3/jasmin-3.0.3.jar:/home/bsg13/.m2/repository/ca/mcgill/sable/java_cup/0.9.2/java_cup-0.9.2.jar:/home/bsg13/.m2/repository/org/slf4j/slf4j-api/2.0.16/slf4j-api-2.0.16.jar:/home/bsg13/.m2/repository/jakarta/annotation/jakarta.annotation-api/3.0.0/jakarta.annotation-api-3.0.0.jar:/home/bsg13/.m2/repository/jakarta/xml/bind/jakarta.xml.bind-api/4.0.2/jakarta.xml.bind-api-4.0.2.jar:/home/bsg13/.m2/repository/jakarta/activation/jakarta.activation-api/2.1.3/jakarta.activation-api-2.1.3.jar:/home/bsg13/.m2/repository/org/glassfish/jaxb/jaxb-runtime/4.0.5/jaxb-runtime-4.0.5.jar:/home/bsg13/.m2/repository/org/glassfish/jaxb/jaxb-core/4.0.5/jaxb-core-4.0.5.jar:/home/bsg13/.m2/repository/org/eclipse/angus/angus-activation/2.0.2/angus-activation-2.0.2.jar:/home/bsg13/.m2/repository/org/glassfish/jaxb/txw2/4.0.5/txw2-4.0.5.jar:/home/bsg13/.m2/repository/com/sun/istack/istack-commons-runtime/4.1.2/istack-commons-runtime-4.1.2.jar:/home/bsg13/.m2/repository/com/google/protobuf/protobuf-java/3.25.5/protobuf-java-3.25.5.jar:/home/bsg13/.m2/repository/com/google/protobuf/protobuf-java-util/3.25.5/protobuf-java-util-3.25.5.jar:/home/bsg13/.m2/repository/com/google/code/gson/gson/2.8.9/gson-2.8.9.jar:/home/bsg13/.m2/repository/com/google/errorprone/error_prone_annotations/2.18.0/error_prone_annotations-2.18.0.jar:/home/bsg13/.m2/repository/com/google/j2objc/j2objc-annotations/2.8/j2objc-annotations-2.8.jar:"/>
    <property name="sun.cpu.endian" value="little"/>
    <property name="user.home" value="/home/bsg13"/>
    <property name="user.language" value="en"/>
    <property name="java.specification.vendor" value="Oracle Corporation"/>
    <property name="java.version.date" value="2024-01-16"/>
    <property name="java.home" value="/usr/shared/CMPT/faculty/wsumner/installed/jdk-21.0.2"/>
    <property name="file.separator" value="/"/>
    <property name="basedir" value="/home/bsg13/cmpt479/exercise6/se-dataflow-analysis-template"/>
    <property name="java.vm.compressedOopsMode" value="Zero based"/>
    <property name="line.separator" value="&#10;"/>
    <property name="java.specification.name" value="Java Platform API Specification"/>
    <property name="java.vm.specification.vendor" value="Oracle Corporation"/>
    <property name="surefire.real.class.path" value="/home/bsg13/cmpt479/exercise6/se-dataflow-analysis-template/target/surefire/surefirebooter-20250807160827161_3.jar"/>
    <property name="sun.management.compiler" value="HotSpot 64-Bit Tiered Compilers"/>
    <property name="java.runtime.version" value="21.0.2+13-58"/>
    <property name="user.name" value="bsg13"/>
    <property name="stdout.encoding" value="UTF-8"/>
    <property name="path.separator" value=":"/>
    <property name="os.version" value="6.5.0-45-generic"/>
    <property name="java.runtime.name" value="OpenJDK Runtime Environment"/>
    <property name="file.encoding" value="UTF-8"/>
    <property name="java.vm.name" value="OpenJDK 64-Bit Server VM"/>
    <property name="localRepository" value="/home/bsg13/.m2/repository"/>
    <property name="java.vendor.url.bug" value="https://bugreport.java.com/bugreport/"/>
    <property name="java.io.tmpdir" value="/tmp"/>
    <property name="java.version" value="21.0.2"/>
    <property name="user.dir" value="/home/bsg13/cmpt479/exercise6/se-dataflow-analysis-template"/>
    <property name="os.arch" value="amd64"/>
    <property name="java.vm.specification.name" value="Java Virtual Machine Specification"/>
    <property name="native.encoding" value="UTF-8"/>
    <property name="java.library.path" value="/usr/shared/CMPT/faculty/wsumner/base/lib::/usr/java/packages/lib:/usr/lib64:/lib64:/lib:/usr/lib"/>
    <property name="java.vm.info" value="mixed mode, sharing"/>
    <property name="stderr.encoding" value="UTF-8"/>
    <property name="java.vendor" value="Oracle Corporation"/>
    <property name="java.vm.version" value="21.0.2+13-58"/>
    <property name="sun.io.unicode.encoding" value="UnicodeLittle"/>
    <property name="java.class.version" value="65.0"/>
  </properties>
  <testcase name="multipleScenariosTogether" classname="ca.sfu.cmpt745.ex06.checker.KittenCheckerTests" time="9.413">
    <system-out><![CDATA[Soot started on Thu Aug 07 16:08:33 PDT 2025
Implement your analysis here.
Implement your analysis here.
Error on r5 at 18
running -> sleeping

Soot finished on Thu Aug 07 16:08:41 PDT 2025
Soot has run for 0 min. 8 sec.
]]></system-out>
    <system-err><![CDATA[SLF4J(W): No SLF4J providers were found.
SLF4J(W): Defaulting to no-operation (NOP) logger implementation
SLF4J(W): See https://www.slf4j.org/codes.html#noProviders for further details.
]]></system-err>
  </testcase>
  <testcase name="basicErrors" classname="ca.sfu.cmpt745.ex06.checker.KittenCheckerTests" time="2.203">
    <system-out><![CDATA[Soot started on Thu Aug 07 16:08:41 PDT 2025
Implement your analysis here.
Implement your analysis here.
Error on $r0 at 12
running -> sleeping

Soot finished on Thu Aug 07 16:08:43 PDT 2025
Soot has run for 0 min. 2 sec.
]]></system-out>
  </testcase>
  <testcase name="multipleDistinctErrors" classname="ca.sfu.cmpt745.ex06.checker.KittenCheckerTests" time="2.902">
    <system-out><![CDATA[Soot started on Thu Aug 07 16:08:43 PDT 2025
Implement your analysis here.
Implement your analysis here.
Error on $r3 at 42
sleeping -> playing

Error on $r1 at 51
playing -> plotting

Soot finished on Thu Aug 07 16:08:46 PDT 2025
Soot has run for 0 min. 2 sec.
]]></system-out>
  </testcase>
  <testcase name="propagationError" classname="ca.sfu.cmpt745.ex06.checker.KittenCheckerTests" time="2.102">
    <system-out><![CDATA[Soot started on Thu Aug 07 16:08:46 PDT 2025
Implement your analysis here.
Implement your analysis here.
Error on $r0 at 14
running -> sleeping

Soot finished on Thu Aug 07 16:08:48 PDT 2025
Soot has run for 0 min. 2 sec.
]]></system-out>
  </testcase>
  <testcase name="branchingCorrectness" classname="ca.sfu.cmpt745.ex06.checker.KittenCheckerTests" time="2.701">
    <system-out><![CDATA[Soot started on Thu Aug 07 16:08:48 PDT 2025
Implement your analysis here.
Implement your analysis here.
Soot finished on Thu Aug 07 16:08:51 PDT 2025
Soot has run for 0 min. 2 sec.
]]></system-out>
  </testcase>
  <testcase name="propagationCorrectness" classname="ca.sfu.cmpt745.ex06.checker.KittenCheckerTests" time="1.805">
    <system-out><![CDATA[Soot started on Thu Aug 07 16:08:51 PDT 2025
Implement your analysis here.
Implement your analysis here.
Soot finished on Thu Aug 07 16:08:53 PDT 2025
Soot has run for 0 min. 1 sec.
]]></system-out>
  </testcase>
  <testcase name="multipleIndependentStates" classname="ca.sfu.cmpt745.ex06.checker.KittenCheckerTests" time="2.595">
    <system-out><![CDATA[Soot started on Thu Aug 07 16:08:53 PDT 2025
Implement your analysis here.
Implement your analysis here.
Error on $r1 at 28
playing -> plotting

Soot finished on Thu Aug 07 16:08:56 PDT 2025
Soot has run for 0 min. 2 sec.
]]></system-out>
  </testcase>
  <testcase name="loopError" classname="ca.sfu.cmpt745.ex06.checker.KittenCheckerTests" time="1.999">
    <system-out><![CDATA[Soot started on Thu Aug 07 16:08:56 PDT 2025
Implement your analysis here.
Implement your analysis here.
Error on $r2 at 12
eating -> plotting

Soot finished on Thu Aug 07 16:08:58 PDT 2025
Soot has run for 0 min. 1 sec.
]]></system-out>
  </testcase>
  <testcase name="mergingWithMultipleVariables" classname="ca.sfu.cmpt745.ex06.checker.KittenCheckerTests" time="2.007">
    <system-out><![CDATA[Soot started on Thu Aug 07 16:08:58 PDT 2025
Implement your analysis here.
Implement your analysis here.
Error on $r1 at 31
playing -> plotting

Soot finished on Thu Aug 07 16:09:00 PDT 2025
Soot has run for 0 min. 2 sec.
]]></system-out>
  </testcase>
  <testcase name="branchingError" classname="ca.sfu.cmpt745.ex06.checker.KittenCheckerTests" time="1.104">
    <system-out><![CDATA[Soot started on Thu Aug 07 16:09:00 PDT 2025
Implement your analysis here.
Implement your analysis here.
Error on $r0 at 14
running -> sleeping

Soot finished on Thu Aug 07 16:09:01 PDT 2025
Soot has run for 0 min. 1 sec.
]]></system-out>
  </testcase>
  <testcase name="loopCorrectness" classname="ca.sfu.cmpt745.ex06.checker.KittenCheckerTests" time="1.398">
    <system-out><![CDATA[Soot started on Thu Aug 07 16:09:01 PDT 2025
Implement your analysis here.
Implement your analysis here.
Soot finished on Thu Aug 07 16:09:02 PDT 2025
Soot has run for 0 min. 1 sec.
]]></system-out>
  </testcase>
  <testcase name="basicCorrectness" classname="ca.sfu.cmpt745.ex06.checker.KittenCheckerTests" time="1.295">
    <system-out><![CDATA[Soot started on Thu Aug 07 16:09:02 PDT 2025
Implement your analysis here.
Implement your analysis here.
Soot finished on Thu Aug 07 16:09:04 PDT 2025
Soot has run for 0 min. 1 sec.
]]></system-out>
  </testcase>
</testsuite>